{"uid":"5f23096da37df6c0","name":"Type email of another user, valid first name, last name, valid password, confirm password, pick birth date, click 'I accept checkbox' and check message and 'Create Account' button status","fullName":"UI.Tests.CreateAnAccountTests.CreationWithWrongAlreadyUsedEmail","historyId":"651b1da454e8b8baf00346e2b9317c2e","time":{"start":1752748943825,"stop":1752748961623,"duration":17798},"description":"","status":"broken","statusMessage":"Expected error message for already used email did not appear within timeout","statusTrace":"org.openqa.selenium.NoSuchElementException: Expected error message for already used email did not appear within timeout\n\tat UI.Pages.CreateAnAccountPage.getErrorAlreadyUsedEmailText(CreateAnAccountPage.java:198)\n\tat UI.Tests.CreateAnAccountTests.CreationWithWrongAlreadyUsedEmail(CreateAnAccountTests.java:192)\n\tat java.base/java.lang.reflect.Method.invoke(Method.java:569)\n\tat java.base/java.util.ArrayList.forEach(ArrayList.java:1511)\n\tat java.base/java.util.ArrayList.forEach(ArrayList.java:1511)\nCaused by: org.openqa.selenium.TimeoutException: Expected condition failed: waiting for visibility of element located by By.xpath: //div[contains(@data-label-code, 'error.account.email.alreadyExists')] (tried for 10 second(s) with 500 milliseconds interval)\nBuild info: version: '4.28.1', revision: '73f5ad48a2'\nSystem info: os.name: 'Linux', os.arch: 'amd64', os.version: '6.11.0-1018-azure', java.version: '17.0.15'\nDriver info: org.openqa.selenium.remote.RemoteWebDriver\nCapabilities {acceptInsecureCerts: false, browserName: chrome, browserVersion: 138.0.7204.100, chrome: {chromedriverVersion: 138.0.7204.94 (545025748884..., userDataDir: /tmp/.org.chromium.Chromium...}, fedcm:accounts: true, goog:chromeOptions: {debuggerAddress: localhost:39247}, goog:loggingPrefs: {browser: ALL}, networkConnectionEnabled: false, pageLoadStrategy: normal, platformName: linux, proxy: Proxy(), se:bidiEnabled: false, se:cdp: ws://172.18.0.2:4444/sessio..., se:cdpVersion: 138.0.7204.100, se:containerName: 5cfcdf1bca81, se:deleteSessionOnUi: true, se:downloadsEnabled: true, se:noVncPort: 7900, se:vnc: ws://172.18.0.2:4444/sessio..., se:vncEnabled: true, se:vncLocalAddress: ws://172.18.0.2:7900, setWindowRect: true, strictFileInteractability: false, timeouts: {implicit: 0, pageLoad: 300000, script: 30000}, unhandledPromptBehavior: dismiss and notify, webauthn:extension:credBlob: true, webauthn:extension:largeBlob: true, webauthn:extension:minPinLength: true, webauthn:extension:prf: true, webauthn:virtualAuthenticators: true}\nSession ID: 70bac04d876bc3baf02a64d310c1cc46\n\tat org.openqa.selenium.support.ui.WebDriverWait.timeoutException(WebDriverWait.java:84)\n\tat org.openqa.selenium.support.ui.FluentWait.until(FluentWait.java:228)\n\tat Utils.Utils.waitForCondition(Utils.java:51)\n\tat UI.Pages.CreateAnAccountPage.getErrorAlreadyUsedEmailText(CreateAnAccountPage.java:194)\n\t... 4 more\n","flaky":false,"newFailed":false,"newBroken":false,"newPassed":false,"retriesCount":0,"retriesStatusChange":false,"beforeStages":[{"name":"setUp","time":{"start":1752748943825,"stop":1752748944142,"duration":317},"status":"passed","steps":[],"attachments":[],"parameters":[],"shouldDisplayMessage":false,"stepsCount":0,"attachmentsCount":0,"hasContent":false,"attachmentStep":false},{"name":"setup","time":{"start":1752748944142,"stop":1752748947635,"duration":3493},"status":"passed","steps":[{"name":"open home page","time":{"start":1752748944144,"stop":1752748947635,"duration":3491},"status":"passed","steps":[],"attachments":[],"parameters":[],"shouldDisplayMessage":false,"stepsCount":0,"attachmentsCount":0,"hasContent":false,"attachmentStep":false}],"attachments":[],"parameters":[],"shouldDisplayMessage":false,"stepsCount":1,"attachmentsCount":0,"hasContent":true,"attachmentStep":false}],"testStage":{"description":"","status":"broken","statusMessage":"Expected error message for already used email did not appear within timeout","statusTrace":"org.openqa.selenium.NoSuchElementException: Expected error message for already used email did not appear within timeout\n\tat UI.Pages.CreateAnAccountPage.getErrorAlreadyUsedEmailText(CreateAnAccountPage.java:198)\n\tat UI.Tests.CreateAnAccountTests.CreationWithWrongAlreadyUsedEmail(CreateAnAccountTests.java:192)\n\tat java.base/java.lang.reflect.Method.invoke(Method.java:569)\n\tat java.base/java.util.ArrayList.forEach(ArrayList.java:1511)\n\tat java.base/java.util.ArrayList.forEach(ArrayList.java:1511)\nCaused by: org.openqa.selenium.TimeoutException: Expected condition failed: waiting for visibility of element located by By.xpath: //div[contains(@data-label-code, 'error.account.email.alreadyExists')] (tried for 10 second(s) with 500 milliseconds interval)\nBuild info: version: '4.28.1', revision: '73f5ad48a2'\nSystem info: os.name: 'Linux', os.arch: 'amd64', os.version: '6.11.0-1018-azure', java.version: '17.0.15'\nDriver info: org.openqa.selenium.remote.RemoteWebDriver\nCapabilities {acceptInsecureCerts: false, browserName: chrome, browserVersion: 138.0.7204.100, chrome: {chromedriverVersion: 138.0.7204.94 (545025748884..., userDataDir: /tmp/.org.chromium.Chromium...}, fedcm:accounts: true, goog:chromeOptions: {debuggerAddress: localhost:39247}, goog:loggingPrefs: {browser: ALL}, networkConnectionEnabled: false, pageLoadStrategy: normal, platformName: linux, proxy: Proxy(), se:bidiEnabled: false, se:cdp: ws://172.18.0.2:4444/sessio..., se:cdpVersion: 138.0.7204.100, se:containerName: 5cfcdf1bca81, se:deleteSessionOnUi: true, se:downloadsEnabled: true, se:noVncPort: 7900, se:vnc: ws://172.18.0.2:4444/sessio..., se:vncEnabled: true, se:vncLocalAddress: ws://172.18.0.2:7900, setWindowRect: true, strictFileInteractability: false, timeouts: {implicit: 0, pageLoad: 300000, script: 30000}, unhandledPromptBehavior: dismiss and notify, webauthn:extension:credBlob: true, webauthn:extension:largeBlob: true, webauthn:extension:minPinLength: true, webauthn:extension:prf: true, webauthn:virtualAuthenticators: true}\nSession ID: 70bac04d876bc3baf02a64d310c1cc46\n\tat org.openqa.selenium.support.ui.WebDriverWait.timeoutException(WebDriverWait.java:84)\n\tat org.openqa.selenium.support.ui.FluentWait.until(FluentWait.java:228)\n\tat Utils.Utils.waitForCondition(Utils.java:51)\n\tat UI.Pages.CreateAnAccountPage.getErrorAlreadyUsedEmailText(CreateAnAccountPage.java:194)\n\t... 4 more\n","steps":[{"name":"go to 'Create An Account' page","time":{"start":1752748947647,"stop":1752748949487,"duration":1840},"status":"passed","steps":[{"name":"click on 'Account' button","time":{"start":1752748947647,"stop":1752748947895,"duration":248},"status":"passed","steps":[],"attachments":[],"parameters":[],"shouldDisplayMessage":false,"stepsCount":0,"attachmentsCount":0,"hasContent":false,"attachmentStep":false},{"name":"wait until 'Account' modal becomes visible","time":{"start":1752748947895,"stop":1752748948501,"duration":606},"status":"passed","steps":[],"attachments":[],"parameters":[],"shouldDisplayMessage":false,"stepsCount":0,"attachmentsCount":0,"hasContent":false,"attachmentStep":false},{"name":"click on 'Create an Account' link","time":{"start":1752748948501,"stop":1752748948685,"duration":184},"status":"passed","steps":[],"attachments":[],"parameters":[],"shouldDisplayMessage":false,"stepsCount":0,"attachmentsCount":0,"hasContent":false,"attachmentStep":false},{"name":"wait for url","time":{"start":1752748948685,"stop":1752748949487,"duration":802},"status":"passed","steps":[],"attachments":[],"parameters":[{"name":"expectedUrl","value":"https://www.ae.com/us/en/myaccount/create-account"}],"shouldDisplayMessage":false,"stepsCount":0,"attachmentsCount":0,"hasContent":true,"attachmentStep":false}],"attachments":[],"parameters":[],"shouldDisplayMessage":false,"stepsCount":4,"attachmentsCount":0,"hasContent":true,"attachmentStep":false},{"name":"fill in all necessary fields, pick birth date, pick 'I Agree' checkbox but don't click 'Create Account' button","time":{"start":1752748949488,"stop":1752748950928,"duration":1440},"status":"passed","steps":[{"name":"scroll and type into 'Email' field","time":{"start":1752748949488,"stop":1752748949671,"duration":183},"status":"passed","steps":[],"attachments":[],"parameters":[{"name":"email","value":"catmantester@gmail.com"}],"shouldDisplayMessage":false,"stepsCount":0,"attachmentsCount":0,"hasContent":true,"attachmentStep":false},{"name":"scroll and type into 'First name' field","time":{"start":1752748949671,"stop":1752748949747,"duration":76},"status":"passed","steps":[],"attachments":[],"parameters":[{"name":"firstName","value":"Lorine"}],"shouldDisplayMessage":false,"stepsCount":0,"attachmentsCount":0,"hasContent":true,"attachmentStep":false},{"name":"scroll and type into 'Last name' field","time":{"start":1752748949747,"stop":1752748949917,"duration":170},"status":"passed","steps":[],"attachments":[],"parameters":[{"name":"lastName","value":"Runolfsdottir"}],"shouldDisplayMessage":false,"stepsCount":0,"attachmentsCount":0,"hasContent":true,"attachmentStep":false},{"name":"scroll and type into 'Password' field","time":{"start":1752748949917,"stop":1752748950107,"duration":190},"status":"passed","steps":[],"attachments":[],"parameters":[{"name":"password","value":"***"}],"shouldDisplayMessage":false,"stepsCount":0,"attachmentsCount":0,"hasContent":true,"attachmentStep":false},{"name":"scroll and type into 'Confirm password' field","time":{"start":1752748950107,"stop":1752748950247,"duration":140},"status":"passed","steps":[],"attachments":[],"parameters":[{"name":"password","value":"***"}],"shouldDisplayMessage":false,"stepsCount":0,"attachmentsCount":0,"hasContent":true,"attachmentStep":false},{"name":"scroll and type into 'Postal code' field","time":{"start":1752748950248,"stop":1752748950375,"duration":127},"status":"passed","steps":[],"attachments":[],"parameters":[{"name":"code","value":"41546"}],"shouldDisplayMessage":false,"stepsCount":0,"attachmentsCount":0,"hasContent":true,"attachmentStep":false},{"name":"click on 'Month' selector button","time":{"start":1752748950376,"stop":1752748950512,"duration":136},"status":"passed","steps":[],"attachments":[],"parameters":[],"shouldDisplayMessage":false,"stepsCount":0,"attachmentsCount":0,"hasContent":false,"attachmentStep":false},{"name":"click on 'November' from month selector","time":{"start":1752748950512,"stop":1752748950684,"duration":172},"status":"passed","steps":[],"attachments":[],"parameters":[],"shouldDisplayMessage":false,"stepsCount":0,"attachmentsCount":0,"hasContent":false,"attachmentStep":false},{"name":"click on 'Day' selector","time":{"start":1752748950684,"stop":1752748950862,"duration":178},"status":"passed","steps":[],"attachments":[],"parameters":[{"name":"day","value":"10"}],"shouldDisplayMessage":false,"stepsCount":0,"attachmentsCount":0,"hasContent":true,"attachmentStep":false},{"name":"click on 'I accept' checkbox","time":{"start":1752748950862,"stop":1752748950928,"duration":66},"status":"passed","steps":[],"attachments":[],"parameters":[],"shouldDisplayMessage":false,"stepsCount":0,"attachmentsCount":0,"hasContent":false,"attachmentStep":false}],"attachments":[],"parameters":[{"name":"user","value":"TestUser(email=gene.bartell@hotmail.com, password=T5A5RTP4, firstName=Lorine, lastName=Runolfsdottir, zipCode=41546)"},{"name":"login","value":"***"},{"name":"password","value":"***"},{"name":"passwordToConfirm","value":"***"},{"name":"dayToSelect","value":"10"}],"shouldDisplayMessage":false,"stepsCount":10,"attachmentsCount":0,"hasContent":true,"attachmentStep":false},{"name":"get text from error caused by using already used email","time":{"start":1752748950928,"stop":1752748961531,"duration":10603},"status":"broken","statusMessage":"Expected error message for already used email did not appear within timeout","statusTrace":"org.openqa.selenium.NoSuchElementException: Expected error message for already used email did not appear within timeout\n\tat UI.Pages.CreateAnAccountPage.getErrorAlreadyUsedEmailText(CreateAnAccountPage.java:198)\n\tat UI.Tests.CreateAnAccountTests.CreationWithWrongAlreadyUsedEmail(CreateAnAccountTests.java:192)\n\tat java.base/jdk.internal.reflect.NativeMethodAccessorImpl.invoke0(Native Method)\n\tat java.base/jdk.internal.reflect.NativeMethodAccessorImpl.invoke(NativeMethodAccessorImpl.java:77)\n\tat java.base/jdk.internal.reflect.DelegatingMethodAccessorImpl.invoke(DelegatingMethodAccessorImpl.java:43)\n\tat java.base/java.lang.reflect.Method.invoke(Method.java:569)\n\tat org.junit.platform.commons.util.ReflectionUtils.invokeMethod(ReflectionUtils.java:775)\n\tat org.junit.platform.commons.support.ReflectionSupport.invokeMethod(ReflectionSupport.java:479)\n\tat org.junit.jupiter.engine.execution.MethodInvocation.proceed(MethodInvocation.java:60)\n\tat org.junit.jupiter.engine.execution.InvocationInterceptorChain$ValidatingInvocation.proceed(InvocationInterceptorChain.java:131)\n\tat org.junit.jupiter.api.extension.InvocationInterceptor.interceptTestMethod(InvocationInterceptor.java:129)\n\tat org.junit.jupiter.engine.execution.InterceptingExecutableInvoker$ReflectiveInterceptorCall.lambda$ofVoidMethod$0(InterceptingExecutableInvoker.java:112)\n\tat org.junit.jupiter.engine.execution.InterceptingExecutableInvoker.lambda$invoke$0(InterceptingExecutableInvoker.java:94)\n\tat org.junit.jupiter.engine.execution.InvocationInterceptorChain$InterceptedInvocation.proceed(InvocationInterceptorChain.java:106)\n\tat org.junit.jupiter.engine.extension.TimeoutExtension.intercept(TimeoutExtension.java:161)\n\tat org.junit.jupiter.engine.extension.TimeoutExtension.interceptTestableMethod(TimeoutExtension.java:152)\n\tat org.junit.jupiter.engine.extension.TimeoutExtension.interceptTestMethod(TimeoutExtension.java:91)\n\tat org.junit.jupiter.engine.execution.InterceptingExecutableInvoker$ReflectiveInterceptorCall.lambda$ofVoidMethod$0(InterceptingExecutableInvoker.java:112)\n\tat org.junit.jupiter.engine.execution.InterceptingExecutableInvoker.lambda$invoke$0(InterceptingExecutableInvoker.java:94)\n\tat org.junit.jupiter.engine.execution.InvocationInterceptorChain$InterceptedInvocation.proceed(InvocationInterceptorChain.java:106)\n\tat org.junit.jupiter.engine.execution.InvocationInterceptorChain.proceed(InvocationInterceptorChain.java:64)\n\tat org.junit.jupiter.engine.execution.InvocationInterceptorChain.chainAndInvoke(InvocationInterceptorChain.java:45)\n\tat org.junit.jupiter.engine.execution.InvocationInterceptorChain.invoke(InvocationInterceptorChain.java:37)\n\tat org.junit.jupiter.engine.execution.InterceptingExecutableInvoker.invoke(InterceptingExecutableInvoker.java:93)\n\tat org.junit.jupiter.engine.execution.InterceptingExecutableInvoker.invoke(InterceptingExecutableInvoker.java:87)\n\tat org.junit.jupiter.engine.descriptor.TestMethodTestDescriptor.lambda$invokeTestMethod$7(TestMethodTestDescriptor.java:216)\n\tat org.junit.platform.engine.support.hierarchical.ThrowableCollector.execute(ThrowableCollector.java:73)\n\tat org.junit.jupiter.engine.descriptor.TestMethodTestDescriptor.invokeTestMethod(TestMethodTestDescriptor.java:212)\n\tat org.junit.jupiter.engine.descriptor.TestMethodTestDescriptor.execute(TestMethodTestDescriptor.java:137)\n\tat org.junit.jupiter.engine.descriptor.TestMethodTestDescriptor.execute(TestMethodTestDescriptor.java:69)\n\tat org.junit.platform.engine.support.hierarchical.NodeTestTask.lambda$executeRecursively$6(NodeTestTask.java:156)\n\tat org.junit.platform.engine.support.hierarchical.ThrowableCollector.execute(ThrowableCollector.java:73)\n\tat org.junit.platform.engine.support.hierarchical.NodeTestTask.lambda$executeRecursively$8(NodeTestTask.java:146)\n\tat org.junit.platform.engine.support.hierarchical.Node.around(Node.java:137)\n\tat org.junit.platform.engine.support.hierarchical.NodeTestTask.lambda$executeRecursively$9(NodeTestTask.java:144)\n\tat org.junit.platform.engine.support.hierarchical.ThrowableCollector.execute(ThrowableCollector.java:73)\n\tat org.junit.platform.engine.support.hierarchical.NodeTestTask.executeRecursively(NodeTestTask.java:143)\n\tat org.junit.platform.engine.support.hierarchical.NodeTestTask.execute(NodeTestTask.java:100)\n\tat java.base/java.util.ArrayList.forEach(ArrayList.java:1511)\n\tat org.junit.platform.engine.support.hierarchical.SameThreadHierarchicalTestExecutorService.invokeAll(SameThreadHierarchicalTestExecutorService.java:41)\n\tat org.junit.platform.engine.support.hierarchical.NodeTestTask.lambda$executeRecursively$6(NodeTestTask.java:160)\n\tat org.junit.platform.engine.support.hierarchical.ThrowableCollector.execute(ThrowableCollector.java:73)\n\tat org.junit.platform.engine.support.hierarchical.NodeTestTask.lambda$executeRecursively$8(NodeTestTask.java:146)\n\tat org.junit.platform.engine.support.hierarchical.Node.around(Node.java:137)\n\tat org.junit.platform.engine.support.hierarchical.NodeTestTask.lambda$executeRecursively$9(NodeTestTask.java:144)\n\tat org.junit.platform.engine.support.hierarchical.ThrowableCollector.execute(ThrowableCollector.java:73)\n\tat org.junit.platform.engine.support.hierarchical.NodeTestTask.executeRecursively(NodeTestTask.java:143)\n\tat org.junit.platform.engine.support.hierarchical.NodeTestTask.execute(NodeTestTask.java:100)\n\tat java.base/java.util.ArrayList.forEach(ArrayList.java:1511)\n\tat org.junit.platform.engine.support.hierarchical.SameThreadHierarchicalTestExecutorService.invokeAll(SameThreadHierarchicalTestExecutorService.java:41)\n\tat org.junit.platform.engine.support.hierarchical.NodeTestTask.lambda$executeRecursively$6(NodeTestTask.java:160)\n\tat org.junit.platform.engine.support.hierarchical.ThrowableCollector.execute(ThrowableCollector.java:73)\n\tat org.junit.platform.engine.support.hierarchical.NodeTestTask.lambda$executeRecursively$8(NodeTestTask.java:146)\n\tat org.junit.platform.engine.support.hierarchical.Node.around(Node.java:137)\n\tat org.junit.platform.engine.support.hierarchical.NodeTestTask.lambda$executeRecursively$9(NodeTestTask.java:144)\n\tat org.junit.platform.engine.support.hierarchical.ThrowableCollector.execute(ThrowableCollector.java:73)\n\tat org.junit.platform.engine.support.hierarchical.NodeTestTask.executeRecursively(NodeTestTask.java:143)\n\tat org.junit.platform.engine.support.hierarchical.NodeTestTask.execute(NodeTestTask.java:100)\n\tat org.junit.platform.engine.support.hierarchical.SameThreadHierarchicalTestExecutorService.submit(SameThreadHierarchicalTestExecutorService.java:35)\n\tat org.junit.platform.engine.support.hierarchical.HierarchicalTestExecutor.execute(HierarchicalTestExecutor.java:57)\n\tat org.junit.platform.engine.support.hierarchical.HierarchicalTestEngine.execute(HierarchicalTestEngine.java:54)\n\tat org.junit.platform.launcher.core.EngineExecutionOrchestrator.execute(EngineExecutionOrchestrator.java:201)\n\tat org.junit.platform.launcher.core.EngineExecutionOrchestrator.execute(EngineExecutionOrchestrator.java:170)\n\tat org.junit.platform.launcher.core.EngineExecutionOrchestrator.execute(EngineExecutionOrchestrator.java:94)\n\tat org.junit.platform.launcher.core.EngineExecutionOrchestrator.lambda$execute$0(EngineExecutionOrchestrator.java:59)\n\tat org.junit.platform.launcher.core.EngineExecutionOrchestrator.withInterceptedStreams(EngineExecutionOrchestrator.java:142)\n\tat org.junit.platform.launcher.core.EngineExecutionOrchestrator.execute(EngineExecutionOrchestrator.java:58)\n\tat org.junit.platform.launcher.core.DefaultLauncher.execute(DefaultLauncher.java:103)\n\tat org.junit.platform.launcher.core.DefaultLauncher.execute(DefaultLauncher.java:85)\n\tat org.junit.platform.launcher.core.DelegatingLauncher.execute(DelegatingLauncher.java:47)\n\tat org.junit.platform.launcher.core.InterceptingLauncher.lambda$execute$1(InterceptingLauncher.java:39)\n\tat org.junit.platform.launcher.core.ClasspathAlignmentCheckingLauncherInterceptor.intercept(ClasspathAlignmentCheckingLauncherInterceptor.java:25)\n\tat org.junit.platform.launcher.core.InterceptingLauncher.execute(InterceptingLauncher.java:38)\n\tat org.junit.platform.launcher.core.DelegatingLauncher.execute(DelegatingLauncher.java:47)\n\tat org.gradle.api.internal.tasks.testing.junitplatform.JUnitPlatformTestClassProcessor$CollectAllTestClassesExecutor.processAllTestClasses(JUnitPlatformTestClassProcessor.java:124)\n\tat org.gradle.api.internal.tasks.testing.junitplatform.JUnitPlatformTestClassProcessor$CollectAllTestClassesExecutor.access$000(JUnitPlatformTestClassProcessor.java:99)\n\tat org.gradle.api.internal.tasks.testing.junitplatform.JUnitPlatformTestClassProcessor.stop(JUnitPlatformTestClassProcessor.java:94)\n\tat org.gradle.api.internal.tasks.testing.SuiteTestClassProcessor.stop(SuiteTestClassProcessor.java:63)\n\tat java.base/jdk.internal.reflect.NativeMethodAccessorImpl.invoke0(Native Method)\n\tat java.base/jdk.internal.reflect.NativeMethodAccessorImpl.invoke(NativeMethodAccessorImpl.java:77)\n\tat java.base/jdk.internal.reflect.DelegatingMethodAccessorImpl.invoke(DelegatingMethodAccessorImpl.java:43)\n\tat java.base/java.lang.reflect.Method.invoke(Method.java:569)\n\tat org.gradle.internal.dispatch.ReflectionDispatch.dispatch(ReflectionDispatch.java:36)\n\tat org.gradle.internal.dispatch.ReflectionDispatch.dispatch(ReflectionDispatch.java:24)\n\tat org.gradle.internal.dispatch.ContextClassLoaderDispatch.dispatch(ContextClassLoaderDispatch.java:33)\n\tat org.gradle.internal.dispatch.ProxyDispatchAdapter$DispatchingInvocationHandler.invoke(ProxyDispatchAdapter.java:92)\n\tat jdk.proxy1/jdk.proxy1.$Proxy4.stop(Unknown Source)\n\tat org.gradle.api.internal.tasks.testing.worker.TestWorker$3.run(TestWorker.java:200)\n\tat org.gradle.api.internal.tasks.testing.worker.TestWorker.executeAndMaintainThreadName(TestWorker.java:132)\n\tat org.gradle.api.internal.tasks.testing.worker.TestWorker.execute(TestWorker.java:103)\n\tat org.gradle.api.internal.tasks.testing.worker.TestWorker.execute(TestWorker.java:63)\n\tat org.gradle.process.internal.worker.child.ActionExecutionWorker.execute(ActionExecutionWorker.java:56)\n\tat org.gradle.process.internal.worker.child.SystemApplicationClassLoaderWorker.call(SystemApplicationClassLoaderWorker.java:121)\n\tat org.gradle.process.internal.worker.child.SystemApplicationClassLoaderWorker.call(SystemApplicationClassLoaderWorker.java:71)\n\tat worker.org.gradle.process.internal.worker.GradleWorkerMain.run(GradleWorkerMain.java:69)\n\tat worker.org.gradle.process.internal.worker.GradleWorkerMain.main(GradleWorkerMain.java:74)\nCaused by: org.openqa.selenium.TimeoutException: Expected condition failed: waiting for visibility of element located by By.xpath: //div[contains(@data-label-code, 'error.account.email.alreadyExists')] (tried for 10 second(s) with 500 milliseconds interval)\nBuild info: version: '4.28.1', revision: '73f5ad48a2'\nSystem info: os.name: 'Linux', os.arch: 'amd64', os.version: '6.11.0-1018-azure', java.version: '17.0.15'\nDriver info: org.openqa.selenium.remote.RemoteWebDriver\nCapabilities {acceptInsecureCerts: false, browserName: chrome, browserVersion: 138.0.7204.100, chrome: {chromedriverVersion: 138.0.7204.94 (545025748884..., userDataDir: /tmp/.org.chromium.Chromium...}, fedcm:accounts: true, goog:chromeOptions: {debuggerAddress: localhost:39247}, goog:loggingPrefs: {browser: ALL}, networkConnectionEnabled: false, pageLoadStrategy: normal, platformName: linux, proxy: Proxy(), se:bidiEnabled: false, se:cdp: ws://172.18.0.2:4444/sessio..., se:cdpVersion: 138.0.7204.100, se:containerName: 5cfcdf1bca81, se:deleteSessionOnUi: true, se:downloadsEnabled: true, se:noVncPort: 7900, se:vnc: ws://172.18.0.2:4444/sessio..., se:vncEnabled: true, se:vncLocalAddress: ws://172.18.0.2:7900, setWindowRect: true, strictFileInteractability: false, timeouts: {implicit: 0, pageLoad: 300000, script: 30000}, unhandledPromptBehavior: dismiss and notify, webauthn:extension:credBlob: true, webauthn:extension:largeBlob: true, webauthn:extension:minPinLength: true, webauthn:extension:prf: true, webauthn:virtualAuthenticators: true}\nSession ID: 70bac04d876bc3baf02a64d310c1cc46\n\tat org.openqa.selenium.support.ui.WebDriverWait.timeoutException(WebDriverWait.java:84)\n\tat org.openqa.selenium.support.ui.FluentWait.until(FluentWait.java:228)\n\tat Utils.Utils.waitForCondition(Utils.java:51)\n\tat UI.Pages.CreateAnAccountPage.getErrorAlreadyUsedEmailText(CreateAnAccountPage.java:194)\n\t... 95 more\n","steps":[],"attachments":[],"parameters":[],"shouldDisplayMessage":true,"stepsCount":0,"attachmentsCount":0,"hasContent":true,"attachmentStep":false}],"attachments":[],"parameters":[],"shouldDisplayMessage":false,"stepsCount":17,"attachmentsCount":0,"hasContent":true,"attachmentStep":false},"afterStages":[{"name":"tearDown","time":{"start":1752748961531,"stop":1752748961622,"duration":91},"status":"passed","steps":[],"attachments":[],"parameters":[],"shouldDisplayMessage":false,"stepsCount":0,"attachmentsCount":0,"hasContent":false,"attachmentStep":false}],"labels":[{"name":"tag","value":"P0"},{"name":"tag","value":"negative"},{"name":"tag","value":"defect"},{"name":"junit.platform.uniqueid","value":"[engine:junit-jupiter]/[class:UI.Tests.CreateAnAccountTests]/[method:CreationWithWrongAlreadyUsedEmail()]"},{"name":"host","value":"pkrvmq0rgcvqdmg"},{"name":"thread","value":"3220@pkrvmq0rgcvqdmg.Test worker(1)"},{"name":"framework","value":"junit-platform"},{"name":"language","value":"java"},{"name":"package","value":"UI.Tests.CreateAnAccountTests"},{"name":"testClass","value":"UI.Tests.CreateAnAccountTests"},{"name":"testMethod","value":"CreationWithWrongAlreadyUsedEmail"},{"name":"suite","value":"UI.Tests.CreateAnAccountTests"},{"name":"resultFormat","value":"allure2"}],"parameters":[],"links":[],"hidden":false,"retry":false,"extra":{"severity":"normal","retries":[],"categories":[{"name":"Test defects","matchedStatuses":[],"flaky":false}],"history":{"statistic":{"failed":0,"broken":33,"skipped":0,"passed":0,"unknown":0,"total":33},"items":[{"uid":"e76d5afc4f2a66bd","reportUrl":"https://Alex-V0l.github.io/AEOTests/47//#testresult/e76d5afc4f2a66bd","status":"broken","statusDetails":"Expected error message for already used email did not appear within timeout","time":{"start":1752732671387,"stop":1752732688955,"duration":17568}},{"uid":"5214b67a79dd20df","reportUrl":"https://Alex-V0l.github.io/AEOTests/46//#testresult/5214b67a79dd20df","status":"broken","statusDetails":"Expected error message for already used email did not appear within timeout","time":{"start":1752699135091,"stop":1752699154040,"duration":18949}},{"uid":"79304719bb7c4725","reportUrl":"https://Alex-V0l.github.io/AEOTests/45//#testresult/79304719bb7c4725","status":"broken","statusDetails":"Expected error message for already used email did not appear within timeout","time":{"start":1752684425283,"stop":1752684444176,"duration":18893}},{"uid":"7a43cc21a152006f","reportUrl":"https://Alex-V0l.github.io/AEOTests/44//#testresult/7a43cc21a152006f","status":"broken","statusDetails":"Expected error message for already used email did not appear within timeout","time":{"start":1752683432670,"stop":1752683451332,"duration":18662}},{"uid":"42ffd56b7e5831a4","reportUrl":"https://Alex-V0l.github.io/AEOTests/43//#testresult/42ffd56b7e5831a4","status":"broken","statusDetails":"Expected error message for already used email did not appear within timeout","time":{"start":1752682239457,"stop":1752682256831,"duration":17374}},{"uid":"99c204d1ffde0a58","reportUrl":"https://Alex-V0l.github.io/AEOTests/42//#testresult/99c204d1ffde0a58","status":"broken","statusDetails":"Expected error message for already used email did not appear within timeout","time":{"start":1752680969655,"stop":1752680989256,"duration":19601}},{"uid":"6d3b8343c5859e11","reportUrl":"https://Alex-V0l.github.io/AEOTests/41//#testresult/6d3b8343c5859e11","status":"broken","statusDetails":"Expected error message for already used email did not appear within timeout","time":{"start":1752679983937,"stop":1752680000952,"duration":17015}},{"uid":"2266374722359347","reportUrl":"https://Alex-V0l.github.io/AEOTests/40//#testresult/2266374722359347","status":"broken","statusDetails":"Expected error message for already used email did not appear within timeout","time":{"start":1752678143995,"stop":1752678161727,"duration":17732}},{"uid":"90d559417934c3c5","reportUrl":"https://Alex-V0l.github.io/AEOTests/39//#testresult/90d559417934c3c5","status":"broken","statusDetails":"Expected error message for already used email did not appear within timeout","time":{"start":1752651893872,"stop":1752651910562,"duration":16690}},{"uid":"22f3dd90e1146881","reportUrl":"https://Alex-V0l.github.io/AEOTests/38//#testresult/22f3dd90e1146881","status":"broken","statusDetails":"Expected error message for already used email did not appear within timeout","time":{"start":1752647748788,"stop":1752647766781,"duration":17993}},{"uid":"c687c1cb8bd4bb35","reportUrl":"https://Alex-V0l.github.io/AEOTests/37//#testresult/c687c1cb8bd4bb35","status":"broken","statusDetails":"Expected error message for already used email did not appear within timeout","time":{"start":1752620735873,"stop":1752620753611,"duration":17738}},{"uid":"9f9208608e445c75","reportUrl":"https://Alex-V0l.github.io/AEOTests/36//#testresult/9f9208608e445c75","status":"broken","statusDetails":"Expected error message for already used email did not appear within timeout","time":{"start":1752618798460,"stop":1752618810171,"duration":11711}},{"uid":"cefb523ec74a1788","reportUrl":"https://Alex-V0l.github.io/AEOTests/35//#testresult/cefb523ec74a1788","status":"broken","statusDetails":"Expected error message for already used email did not appear within timeout","time":{"start":1752617909531,"stop":1752617921017,"duration":11486}},{"uid":"34100f7773b1b6fd","reportUrl":"https://Alex-V0l.github.io/AEOTests/34//#testresult/34100f7773b1b6fd","status":"broken","statusDetails":"Expected error message for already used email did not appear within timeout","time":{"start":1752617258582,"stop":1752617269787,"duration":11205}},{"uid":"9c337e4058c35433","reportUrl":"https://Alex-V0l.github.io/AEOTests/33//#testresult/9c337e4058c35433","status":"broken","statusDetails":"Expected error message for already used email did not appear within timeout","time":{"start":1752616079482,"stop":1752616090708,"duration":11226}},{"uid":"b51e258895e34803","reportUrl":"https://Alex-V0l.github.io/AEOTests/32//#testresult/b51e258895e34803","status":"broken","statusDetails":"Expected error message for already used email did not appear within timeout","time":{"start":1752511000341,"stop":1752511012646,"duration":12305}},{"uid":"273cc3920eb11923","reportUrl":"https://Alex-V0l.github.io/AEOTests/31//#testresult/273cc3920eb11923","status":"broken","statusDetails":"Expected error message for already used email did not appear within timeout","time":{"start":1752509791746,"stop":1752509803999,"duration":12253}},{"uid":"de84d3df4d436f54","reportUrl":"https://Alex-V0l.github.io/AEOTests/30//#testresult/de84d3df4d436f54","status":"broken","statusDetails":"Expected error message for already used email did not appear within timeout","time":{"start":1752504658561,"stop":1752504671502,"duration":12941}},{"uid":"3f459cc68ac0836f","reportUrl":"https://Alex-V0l.github.io/AEOTests/29//#testresult/3f459cc68ac0836f","status":"broken","statusDetails":"Expected error message for already used email did not appear within timeout","time":{"start":1752502782073,"stop":1752502794757,"duration":12684}},{"uid":"31bd9e37c1a39129","reportUrl":"https://Alex-V0l.github.io/AEOTests/28//#testresult/31bd9e37c1a39129","status":"broken","statusDetails":"Expected error message for already used email did not appear within timeout","time":{"start":1752499283500,"stop":1752499296603,"duration":13103}}]},"tags":["P0","negative","defect"]},"source":"5f23096da37df6c0.json","parameterValues":[]}